***[2026-01-09T23:10:08.0219907-05:00]
In Script C:\Users\freds\OneDrive\PowershellScripts\MyStuff\fjUnAIme1.ps1: [2026-01-09T23:10:08.0242812-05:00] 
UserName: fred
UserProfile: C:\Users\freds
IsScheduledTask: In function Test-IsScheduledTask: Parent Process Name: svchost Session Name:  True
Exiting Script C:\Users\freds\OneDrive\PowershellScripts\MyStuff\fjUnAIme1.ps1: [2026-01-09T23:10:09.9947041-05:00]
***[2026-01-09T23:19:03.1596229-05:00]
In Script C:\Users\freds\OneDrive\PowershellScripts\MyStuff\fjUnAIme1.ps1: [2026-01-09T23:19:03.1623768-05:00] 
UserName: fred
UserProfile: C:\Users\freds
IsScheduledTask: In function Test-IsScheduledTask: Parent Process Name: svchost Session Name:  True
Exiting Script C:\Users\freds\OneDrive\PowershellScripts\MyStuff\fjUnAIme1.ps1: [2026-01-09T23:19:06.7156531-05:00]
***[2026-01-09T23:19:40.1852590-05:00]
In Script C:\Users\freds\OneDrive\PowershellScripts\MyStuff\fjUnAIme1.ps1: [2026-01-09T23:19:40.1876170-05:00] 
UserName: fred
UserProfile: C:\Users\freds
IsScheduledTask: In function Test-IsScheduledTask: Parent Process Name: svchost Session Name:  True
Exiting Script C:\Users\freds\OneDrive\PowershellScripts\MyStuff\fjUnAIme1.ps1: [2026-01-09T23:19:42.3092593-05:00]
***[2026-01-09T23:25:49.4656639-05:00]
In Script C:\Users\freds\OneDrive\PowershellScripts\MyStuff\fjUnAIme1.ps1: [2026-01-09T23:25:49.4681411-05:00] 
UserName: fred
UserProfile: C:\Users\freds
IsScheduledTask: In function Test-IsScheduledTask: Parent Process Name: svchost Session Name:  True
Exiting Script C:\Users\freds\OneDrive\PowershellScripts\MyStuff\fjUnAIme1.ps1: [2026-01-09T23:25:51.5839758-05:00]
***[2026-01-09T23:27:33.9847023-05:00]
In Script C:\Users\freds\OneDrive\PowershellScripts\MyStuff\fjUnAIme1.ps1: [2026-01-09T23:27:33.9869508-05:00] 
UserName: fred
UserProfile: C:\Users\freds
IsScheduledTask: In function Test-IsScheduledTask: Parent Process Name: svchost Session Name:  True
Exiting Script C:\Users\freds\OneDrive\PowershellScripts\MyStuff\fjUnAIme1.ps1: [2026-01-09T23:27:36.1818385-05:00]
***[2026-01-09T23:29:14.1166847-05:00]
In Script C:\Users\freds\OneDrive\PowershellScripts\MyStuff\fjUnAIme1.ps1: [2026-01-09T23:29:14.1196447-05:00] 
UserName: fred
UserProfile: C:\Users\freds
IsScheduledTask: In function Test-IsScheduledTask: Parent Process Name: svchost Session Name:  True
Exiting Script C:\Users\freds\OneDrive\PowershellScripts\MyStuff\fjUnAIme1.ps1: [2026-01-09T23:29:16.3788051-05:00]
***[2026-01-09T23:31:21.8143237-05:00]
In Script C:\Users\freds\OneDrive\PowershellScripts\MyStuff\fjUnAIme1.ps1: [2026-01-09T23:31:21.8166454-05:00] 
UserName: fred
UserProfile: C:\Users\freds
IsScheduledTask: In function Test-IsScheduledTask: Parent Process Name: svchost Session Name:  True
Exiting Script C:\Users\freds\OneDrive\PowershellScripts\MyStuff\fjUnAIme1.ps1: [2026-01-09T23:31:23.9729618-05:00]
***[2026-01-09T23:32:29.5927460-05:00]
In Script C:\Users\freds\OneDrive\PowershellScripts\MyStuff\fjUnAIme1.ps1: [2026-01-09T23:32:29.5948633-05:00] 
UserName: fred
UserProfile: C:\Users\freds
IsScheduledTask: In function Test-IsScheduledTask: Parent Process Name: svchost Session Name:  True
Exiting Script C:\Users\freds\OneDrive\PowershellScripts\MyStuff\fjUnAIme1.ps1: [2026-01-09T23:32:31.6886092-05:00]
***[2026-01-09T23:34:02.0512557-05:00]
In Script C:\Users\freds\OneDrive\PowershellScripts\MyStuff\fjUnAIme1.ps1: [2026-01-09T23:34:02.0537239-05:00] 
UserName: fred
UserProfile: C:\Users\freds
IsScheduledTask: In function Test-IsScheduledTask: Parent Process Name: svchost Session Name:  True
Exiting Script C:\Users\freds\OneDrive\PowershellScripts\MyStuff\fjUnAIme1.ps1: [2026-01-09T23:34:04.0847667-05:00]
***[2026-01-09T23:49:02.0849381-05:00]
In Script C:\Users\freds\OneDrive\PowershellScripts\MyStuff\fjUnAIme1.ps1: [2026-01-09T23:49:02.0880926-05:00] 
UserName: fred
UserProfile: C:\Users\freds
IsScheduledTask: In function Test-IsScheduledTask: Parent Process Name: svchost Session Name:  True
Exiting Script C:\Users\freds\OneDrive\PowershellScripts\MyStuff\fjUnAIme1.ps1: [2026-01-09T23:49:04.1600599-05:00]
***[2026-01-09T23:59:24.0792689-05:00]
In Script C:\Users\freds\OneDrive\PowershellScripts\MyStuff\fjUnAIme1.ps1: [2026-01-09T23:59:24.0820180-05:00] 
UserName: fred
UserProfile: C:\Users\freds
IsScheduledTask: In function Test-IsScheduledTask: Parent Process Name: svchost Session Name:  True
Exiting Script C:\Users\freds\OneDrive\PowershellScripts\MyStuff\fjUnAIme1.ps1: [2026-01-09T23:59:26.2418774-05:00]
***[2026-01-10T00:01:12.0400069-05:00]
In Script C:\Users\freds\OneDrive\PowershellScripts\MyStuff\fjUnAIme1.ps1: [2026-01-10T00:01:12.0426635-05:00] 
UserName: fred
UserProfile: C:\Users\freds
IsScheduledTask: In function Test-IsScheduledTask: Parent Process Name: svchost Session Name:  True
Exiting Script C:\Users\freds\OneDrive\PowershellScripts\MyStuff\fjUnAIme1.ps1: [2026-01-10T00:01:19.1182962-05:00]
***[2026-01-10T00:04:02.0585501-05:00]
In Script C:\Users\freds\OneDrive\PowershellScripts\MyStuff\fjUnAIme1.ps1: [2026-01-10T00:04:02.0607540-05:00] 
UserName: fred
UserProfile: C:\Users\freds
IsScheduledTask: In function Test-IsScheduledTask: Parent Process Name: svchost Session Name:  True
Exiting Script C:\Users\freds\OneDrive\PowershellScripts\MyStuff\fjUnAIme1.ps1: [2026-01-10T00:04:03.9970095-05:00]
***[2026-01-10T00:19:02.0509254-05:00]
In Script C:\Users\freds\OneDrive\PowershellScripts\MyStuff\fjUnAIme1.ps1: [2026-01-10T00:19:02.0530836-05:00] 
UserName: fred
UserProfile: C:\Users\freds
IsScheduledTask: In function Test-IsScheduledTask: Parent Process Name: svchost Session Name:  True
Exiting Script C:\Users\freds\OneDrive\PowershellScripts\MyStuff\fjUnAIme1.ps1: [2026-01-10T00:19:03.9521318-05:00]
***[2026-01-10T00:34:02.0844572-05:00]
In Script C:\Users\freds\OneDrive\PowershellScripts\MyStuff\fjUnAIme1.ps1: [2026-01-10T00:34:02.0866097-05:00] 
UserName: fred
UserProfile: C:\Users\freds
IsScheduledTask: In function Test-IsScheduledTask: Parent Process Name: svchost Session Name:  True
Exiting Script C:\Users\freds\OneDrive\PowershellScripts\MyStuff\fjUnAIme1.ps1: [2026-01-10T00:34:03.9644289-05:00]
